<?xml version="1.0" encoding="UTF-8"?>
<testsuite xmlns:xsi="http://www.w3.org/2001/XMLSchema-instance" xsi:noNamespaceSchemaLocation="https://maven.apache.org/surefire/maven-surefire-plugin/xsd/surefire-test-report.xsd" version="3.0.2" name="com.trabalho.trabalhotesteptdois.EmprestimoTest" time="0.009" tests="4" errors="0" skipped="0" failures="0">
  <properties>
[...]
</properties>
  <testcase name="testEmprestimoLivroEmDebito" classname="com.trabalho.trabalhotesteptdois.EmprestimoTest" time="0.001"/>
  <testcase name="testEmprestarLivrosDisponiveis" classname="com.trabalho.trabalhotesteptdois.EmprestimoTest" time="0.002">
    <system-out><![CDATA[
Numero de Livros Emprestados: 2
Data de Empr�stimo: Mon Nov 11 22:32:21 BRT 2024
Data de Devolu��o: Thu Nov 14 22:32:21 BRT 2024]]></system-out>
  </testcase>
  <testcase name="testEmprestimoAlunoIndevido" classname="com.trabalho.trabalhotesteptdois.EmprestimoTest" time="0.002">
    <system-out><![CDATA[Aluno em Debito
]]></system-out>
  </testcase>
  <testcase name="testEmprestimoAlunoComCodigoValido" classname="com.trabalho.trabalhotesteptdois.EmprestimoTest" time="0.002">
    <system-out><![CDATA[
Numero de Livros Emprestados: 2
Data de Empr�stimo: Mon Nov 11 22:32:21 BRT 2024
Data de Devolu��o: Thu Nov 14 22:32:21 BRT 2024]]></system-out>
  </testcase>
</testsuite>